[debug] [2019-08-24T05:08:21.692Z] ----------------------------------------------------------------------
[debug] [2019-08-24T05:08:21.696Z] Command:       /Users/holmes/.nvm/versions/node/v12.4.0/bin/node /Users/holmes/.nvm/versions/node/v12.4.0/bin/firebase serve
[debug] [2019-08-24T05:08:21.697Z] CLI Version:   7.0.1
[debug] [2019-08-24T05:08:21.697Z] Platform:      darwin
[debug] [2019-08-24T05:08:21.697Z] Node Version:  v12.4.0
[debug] [2019-08-24T05:08:21.708Z] Time:          Fri Aug 23 2019 23:08:21 GMT-0600 (Mountain Daylight Time)
[debug] [2019-08-24T05:08:21.708Z] ----------------------------------------------------------------------
[debug] 
[debug] [2019-08-24T05:08:21.735Z] > command requires scopes: ["email","openid","https://www.googleapis.com/auth/cloudplatformprojects.readonly","https://www.googleapis.com/auth/firebase","https://www.googleapis.com/auth/cloud-platform"]
[debug] [2019-08-24T05:08:21.736Z] > authorizing via signed-in user
[debug] [2019-08-24T05:08:21.736Z] [iam] checking project old-testament-in-graphics for permissions ["firebase.projects.get"]
[debug] [2019-08-24T05:08:21.738Z] > refreshing access token with scopes: ["email","https://www.googleapis.com/auth/cloud-platform","https://www.googleapis.com/auth/cloudplatformprojects.readonly","https://www.googleapis.com/auth/firebase","openid"]
[debug] [2019-08-24T05:08:21.738Z] >>> HTTP REQUEST POST https://www.googleapis.com/oauth2/v3/token  
 <request body omitted>
[debug] [2019-08-24T05:08:22.078Z] <<< HTTP RESPONSE 200
[debug] [2019-08-24T05:08:22.150Z] >>> HTTP REQUEST POST https://cloudresourcemanager.googleapis.com/v1/projects/old-testament-in-graphics:testIamPermissions  

[debug] [2019-08-24T05:08:22.623Z] <<< HTTP RESPONSE 200
[debug] [2019-08-24T05:08:22.626Z] >>> HTTP REQUEST GET https://cloudresourcemanager.googleapis.com/v1/projects/old-testament-in-graphics  
 
[debug] [2019-08-24T05:08:23.060Z] <<< HTTP RESPONSE 200
[info] 
[info] === Serving from '/Users/holmes/Documents/MDIV/Introduccion al Antiguo Testamento I/old-testament-in-graphics'...
[info] 
[debug] [2019-08-24T05:08:23.062Z] >>> HTTP REQUEST GET https://mobilesdk-pa.googleapis.com/v1/projects/924352912804/clients/_:getWebAppConfig  
 
[debug] [2019-08-24T05:08:23.688Z] <<< HTTP RESPONSE 200
[info] i  hosting: Serving hosting files from: public
[info] ✔  hosting: Local server: http://localhost:5000
